<?xml version="1.0" encoding="UTF-8"?>
<!-- Generated by org.testng.reporters.JUnitReportReporter -->
<testsuite skipped="0" hostname="Reshams-MacBook-Pro.local" name="cc.selenium.webdriver.basic.AmazonFictionBooks" tests="1" failures="0" timestamp="2020-02-26T17:35:43 CET" time="20.184" errors="0">
  <testcase name="test" time="20.184" classname="cc.selenium.webdriver.basic.AmazonFictionBooks"/>
</testsuite> <!-- cc.selenium.webdriver.basic.AmazonFictionBooks -->
